<?xml version="1.0" encoding="UTF-8"?>
<testng-results skipped="0" failed="0" total="1" passed="1">
  <reporter-output>
  </reporter-output>
  <suite name="Command line suite" duration-ms="249" started-at="2014-09-09T13:45:27Z" finished-at="2014-09-09T13:45:27Z">
    <groups>
    </groups>
    <test name="Command line test" duration-ms="249" started-at="2014-09-09T13:45:27Z" finished-at="2014-09-09T13:45:27Z">
      <class name="fileManagers.MainFileManagerTest">
        <test-method status="PASS" signature="setUp()[pri:0, instance:fileManagers.MainFileManagerTest@228690e3]" name="setUp" is-config="true" duration-ms="224" started-at="2014-09-09T13:45:27Z" finished-at="2014-09-09T13:45:27Z">
        </test-method> <!-- setUp -->
        <test-method status="PASS" signature="testSanitize()[pri:0, instance:fileManagers.MainFileManagerTest@228690e3]" name="testSanitize" duration-ms="8" started-at="2014-09-09T13:45:27Z" finished-at="2014-09-09T13:45:27Z">
        </test-method> <!-- testSanitize -->
      </class> <!-- fileManagers.MainFileManagerTest -->
    </test> <!-- Command line test -->
  </suite> <!-- Command line suite -->
</testng-results>
